<?xml version="1.0" encoding="UTF-8"?>
<!-- Generated by org.testng.reporters.JUnitReportReporter -->
<testsuite hostname="LAPTOP-N6FJKI40" failures="0" tests="1" name="com.framework.test.test" time="18.595" errors="0" timestamp="2022-12-22T16:00:49 IST" skipped="0">
  <testcase classname="com.framework.test.test" name="testOne" time="18.595"/>
  <system-out/>
</testsuite> <!-- com.framework.test.test -->
